0 info it worked if it ends with ok
1 verbose cli [ '/home/joeniemi/.nvm/versions/node/v0.12.2/bin/node',
1 verbose cli   '/home/joeniemi/.nvm/versions/node/v0.12.2/bin/npm',
1 verbose cli   'install' ]
2 info using npm@2.7.4
3 info using node@v0.12.2
4 verbose node symlink /home/joeniemi/.nvm/versions/node/v0.12.2/bin/node
5 error install Couldn't read dependencies
6 verbose stack Error: ENOENT, open '/home/ad/fshome2/u2/j/joeniemi/Desktop/eg15nsp/package.json'
6 verbose stack     at Error (native)
7 verbose cwd /home/ad/fshome2/u2/j/joeniemi/Desktop/eg15nsp
8 error Linux 3.13.0-52-generic
9 error argv "/home/joeniemi/.nvm/versions/node/v0.12.2/bin/node" "/home/joeniemi/.nvm/versions/node/v0.12.2/bin/npm" "install"
10 error node v0.12.2
11 error npm  v2.7.4
12 error path /home/ad/fshome2/u2/j/joeniemi/Desktop/eg15nsp/package.json
13 error code ENOPACKAGEJSON
14 error errno -2
15 error package.json ENOENT, open '/home/ad/fshome2/u2/j/joeniemi/Desktop/eg15nsp/package.json'
15 error package.json This is most likely not a problem with npm itself.
15 error package.json npm can't find a package.json file in your current directory.
16 verbose exit [ -2, true ]
